<?xml version="1.0" encoding="UTF-8" ?>
<testsuite errors="0" failures="0" hostname="Huberts-MacBook-Air.local" name="HelloWorldClient" tests="1" time="1.065" timestamp="2012-09-30T16:47:24">
  <properties>
    <property name="netbeans.autoupdate.country" value="US" />
    <property name="javac.test.classpath" value=":build/classes:/Users/hub/GlassFishESBv22/netbeans.app/Contents/Resources/netbeans/platform10/modules/ext/junit-4.5.jar" />
    <property name="libs.DataBindingME.src" value="" />
    <property name="libs.j2me_ant_ext.javadoc" value="" />
    <property name="org.openide.TopManager.GUI" value="true" />
    <property name="libs.proguard.javadoc" value="" />
    <property name="libs.junit.javadoc" value="/Users/hub/GlassFishESBv22/netbeans.app/Contents/Resources/netbeans/java2/docs/junit-3.8.2-api.zip" />
    <property name="javac.includes" value="HelloWorldClient.java" />
    <property name="libs.nsicom-ant-utils.src" value="" />
    <property name="libs.nokiaS80-ant-utils.javadoc" value="" />
    <property name="ant.core.lib" value="/Users/hub/GlassFishESBv22/netbeans.app/Contents/Resources/netbeans/java2/ant/lib/ant.jar" />
    <property name="libs.swing-app-framework.src" value="" />
    <property name="libs.jakarta_slide_ant_webdav.javadoc" value="" />
    <property name="javadoc.windowtitle" value="" />
    <property name="libs.toplink.classpath" value="/Users/hub/GlassFishESBv22/netbeans.app/Contents/Resources/netbeans/java2/modules/ext/toplink/toplink-essentials.jar:/Users/hub/GlassFishESBv22/netbeans.app/Contents/Resources/netbeans/java2/modules/ext/toplink/toplink-essentials-agent.jar" />
    <property name="user.dir" value="/Users/hub/NetBeansProjects/HelloWorldClient" />
    <property name="com.apple.mrj.application.apple.menu.about.name" value="NetBeans" />
    <property name="libs.hibernate-persistence.javadoc" value="" />
    <property name="libs.JMUnit4CLDC10.javadoc" value="/Users/hub/GlassFishESBv22/netbeans.app/Contents/Resources/netbeans/mobility8/modules/docs/jmunit-1.2.1-api.zip" />
    <property name="java.vm.version" value="20.10-b01-428" />
    <property name="libs.DataBindingME.classpath" value="/Users/hub/GlassFishESBv22/netbeans.app/Contents/Resources/netbeans/mobility8/modules/ext/netbeans_databindingme.jar" />
    <property name="libs.jstl11.maven-pom" value="" />
    <property name="libs.nsicom-ant-utils.classpath" value="/Users/hub/GlassFishESBv22/netbeans.app/Contents/Resources/netbeans/mobility8/ant/nblib/org-netbeans-modules-j2me-cdc-project-nsicom.jar" />
    <property name="libs.MySQLDriver.classpath" value="/Users/hub/GlassFishESBv22/netbeans.app/Contents/Resources/netbeans/ide11/modules/ext/mysql-connector-java-5.1.6-bin.jar" />
    <property name="libs.jstl11.src" value="" />
    <property name="javadoc.notree" value="false" />
    <property name="netbeans.autoupdate.version" value="1.23" />
    <property name="libs.DataBindingME-PIM.maven-pom" value="" />
    <property name="libs.hibernate-support.maven-pom" value="" />
    <property name="libs.hibernate-support.javadoc" value="" />
    <property name="libs.NetBeans MIDP Components.maven-pom" value="" />
    <property name="jdk.home" value="/Library/Java/Home" />
    <property name="libs.javac-api.src" value="" />
    <property name="javadoc.noindex" value="false" />
    <property name="sun.os.patch.level" value="unknown" />
    <property name="java.vm.specification.name" value="Java Virtual Machine Specification" />
    <property name="libs.semc-ant-utils.classpath" value="/Users/hub/GlassFishESBv22/netbeans.app/Contents/Resources/netbeans/mobility8/modules/ext/org-netbeans-modules-j2me-cdc-project-semc.jar" />
    <property name="libs.Encoder-Custom.javadoc" value="" />
    <property name="nb.show.statistics.ui" value="usageStatisticsEnabled" />
    <property name="netbeans.autoupdate.variant" value="" />
    <property name="have.tests" value="true" />
    <property name="libs.nokiaS80-ant-utils.maven-pom" value="" />
    <property name="org.xml.sax.driver" value="com.sun.org.apache.xerces.internal.jaxp.SAXParserImpl$JAXPSAXParser" />
    <property name="libs.nb_svg_midp_components.src" value="/Users/hub/GlassFishESBv22/netbeans.app/Contents/Resources/netbeans/mobility8/sources/nb_svg_midp_components-src.zip" />
    <property name="netbeans.derby.system.home" value="/Users/hub/GlassFishESBv22/glassfish/databases" />
    <property name="libs.NetBeans MIDP Components WMA.src" value="/Users/hub/GlassFishESBv22/netbeans.app/Contents/Resources/netbeans/mobility8/sources/netbeans_midp_components_wma-src.zip" />
    <property name="libs.javac-api.javadoc" value="" />
    <property name="os.name" value="Mac OS X" />
    <property name="libs.beans-binding.classpath" value="/Users/hub/GlassFishESBv22/netbeans.app/Contents/Resources/netbeans/java2/modules/ext/beansbinding-1.2.1.jar" />
    <property name="libs.DataBindingME-SVG.javadoc" value="/Users/hub/GlassFishESBv22/netbeans.app/Contents/Resources/netbeans/mobility8/modules/docs/netbeans_databindingme_svg-api.zip" />
    <property name="libs.restapi.javadoc" value="/Users/hub/GlassFishESBv22/netbeans.app/Contents/Resources/netbeans/enterprise5/docs/jsr311-api-doc.zip" />
    <property name="mrj.version" value="1070.1.6.0_35-428" />
    <property name="libs.JWSAntTasks.maven-pom" value="" />
    <property name="libs.restapi.classpath" value="/Users/hub/GlassFishESBv22/netbeans.app/Contents/Resources/netbeans/enterprise5/modules/ext/rest/jsr311-api.jar" />
    <property name="java.vendor.url.bug" value="http://bugreport.apple.com/" />
    <property name="libs.nsicom-ant-utils.javadoc" value="" />
    <property name="libs.jaxb.maven-pom" value="" />
    <property name="os.arch" value="x86_64" />
    <property name="libs.Encoder-Custom.classpath" value="/Users/hub/GlassFishESBv22/netbeans.app/Contents/Resources/netbeans/soa2/modules/ext/encoder/custom.jar:/Users/hub/GlassFishESBv22/netbeans.app/Contents/Resources/netbeans/soa2/modules/ext/encoder/customencoder-xsdextension.jar" />
    <property name="user.name" value="hub" />
    <property name="libs.jsf12.javadoc" value="/Users/hub/GlassFishESBv22/netbeans.app/Contents/Resources/netbeans/enterprise5/docs/javaee5-doc-api.zip" />
    <property name="libs.swing-layout.maven-pom" value="" />
    <property name="sun.java.command" value="org.apache.tools.ant.taskdefs.optional.junit.JUnitTestRunner HelloWorldClient filtertrace=true haltOnError=false haltOnFailure=false showoutput=true outputtoformatters=true logtestlistenerevents=true formatter=org.apache.tools.ant.taskdefs.optional.junit.BriefJUnitResultFormatter formatter=org.apache.tools.ant.taskdefs.optional.junit.XMLJUnitResultFormatter,/Users/hub/NetBeansProjects/HelloWorldClient/build/test/results/TEST-HelloWorldClient.xml crashfile=/Users/hub/NetBeansProjects/HelloWorldClient/junitvmwatcher274640772296175752.properties propsfile=/Users/hub/NetBeansProjects/HelloWorldClient/junit8987897436206574095.properties" />
    <property name="build.classes.dir" value="build/classes" />
    <property name="netbeans.accept_license_class" value="org.netbeans.license.AcceptLicense" />
    <property name="build.sysclasspath" value="ignore" />
    <property name="libs.jaxws21.javadoc" value="/Users/hub/GlassFishESBv22/netbeans.app/Contents/Resources/netbeans/java2/docs/jaxws-2_1-api-doc.zip" />
    <property name="includes" value="**" />
    <property name="user.country" value="US" />
    <property name="manifest.file" value="manifest.mf" />
    <property name="libs.jstl11.javadoc" value="/Users/hub/GlassFishESBv22/netbeans.app/Contents/Resources/netbeans/enterprise5/docs/javaee5-doc-api.zip" />
    <property name="libs.JMUnit4CLDC11.src" value="" />
    <property name="javadoc.encoding" value="UTF-8" />
    <property name="javac.classpath" value="" />
    <property name="debug-transport" value="dt_socket" />
    <property name="netbeans.system_http_non_proxy_hosts" value="" />
    <property name="netbeans.home" value="/Users/hub/GlassFishESBv22/netbeans.app/Contents/Resources/netbeans/platform10" />
    <property name="build.compiler.emacs" value="true" />
    <property name="libs.ejb3-persistence.src" value="" />
    <property name="libs.nokiaS80-ant-utils.src" value="" />
    <property name="libs.cdc-pp-awt-layout.javadoc" value="" />
    <property name="libs.j2me_ant_ext.classpath" value="/Users/hub/GlassFishESBv22/netbeans.app/Contents/Resources/netbeans/mobility8/modules/org-netbeans-modules-mobility-antext.jar:/Users/hub/GlassFishESBv22/netbeans.app/Contents/Resources/netbeans/ide11/modules/org-netbeans-modules-classfile.jar" />
    <property name="java.endorsed.dirs" value="/System/Library/Java/JavaVirtualMachines/1.6.0.jdk/Contents/Home/lib/endorsed" />
    <property name="test.includes" value="HelloWorldClient.java" />
    <property name="netbeans.dynamic.classpath" value="/Users/hub/GlassFishESBv22/netbeans.app/Contents/Resources/netbeans/platform10/core/core.jar:/Users/hub/GlassFishESBv22/netbeans.app/Contents/Resources/netbeans/platform10/core/org-openide-filesystems.jar:/Users/hub/GlassFishESBv22/netbeans.app/Contents/Resources/netbeans/nb6.7/core/org-netbeans-upgrader.jar:/Users/hub/GlassFishESBv22/netbeans.app/Contents/Resources/netbeans/nb6.7/core/locale/core_nb.jar" />
    <property name="libs.cdc-agui-swing-layout.maven-pom" value="" />
    <property name="libs.cdc-pp-awt-layout.src" value="/Users/hub/GlassFishESBv22/netbeans.app/Contents/Resources/netbeans/mobility8/sources/cdc-pp-awt-layout-src.zip" />
    <property name="java.vm.specification.version" value="1.0" />
    <property name="libs.jakarta_slide_ant_webdav.src" value="" />
    <property name="libs.sjmc-ant-utils.maven-pom" value="" />
    <property name="libs.JMUnit4CLDC10.maven-pom" value="" />
    <property name="ftp.nonProxyHosts" value="local|*.local|169.254/16|*.169.254/16" />
    <property name="libs.hibernate-persistence.classpath" value="/Users/hub/GlassFishESBv22/netbeans.app/Contents/Resources/netbeans/java2/modules/ext/hibernate/antlr-2.7.6.jar:/Users/hub/GlassFishESBv22/netbeans.app/Contents/Resources/netbeans/java2/modules/ext/hibernate/asm.jar:/Users/hub/GlassFishESBv22/netbeans.app/Contents/Resources/netbeans/java2/modules/ext/hibernate/asm-attrs.jar:/Users/hub/GlassFishESBv22/netbeans.app/Contents/Resources/netbeans/java2/modules/ext/hibernate/cglib-2.1.3.jar:/Users/hub/GlassFishESBv22/netbeans.app/Contents/Resources/netbeans/java2/modules/ext/hibernate/commons-collections-2.1.1.jar:/Users/hub/GlassFishESBv22/netbeans.app/Contents/Resources/netbeans/ide11/modules/ext/commons-logging-1.1.jar:/Users/hub/GlassFishESBv22/netbeans.app/Contents/Resources/netbeans/java2/modules/ext/hibernate/dom4j-1.6.1.jar:/Users/hub/GlassFishESBv22/netbeans.app/Contents/Resources/netbeans/java2/modules/ext/hibernate/ehcache-1.2.3.jar:/Users/hub/GlassFishESBv22/netbeans.app/Contents/Resources/netbeans/java2/modules/ext/hibernate/jdbc2_0-stdext.jar:/Users/hub/GlassFishESBv22/netbeans.app/Contents/Resources/netbeans/java2/modules/ext/hibernate/jta.jar:/Users/hub/GlassFishESBv22/netbeans.app/Contents/Resources/netbeans/java2/modules/ext/hibernate/hibernate3.jar:/Users/hub/GlassFishESBv22/netbeans.app/Contents/Resources/netbeans/java2/modules/ext/hibernate/hibernate-tools.jar:/Users/hub/GlassFishESBv22/netbeans.app/Contents/Resources/netbeans/java2/modules/ext/hibernate/hibernate-annotations.jar:/Users/hub/GlassFishESBv22/netbeans.app/Contents/Resources/netbeans/java2/modules/ext/hibernate/hibernate-commons-annotations.jar:/Users/hub/GlassFishESBv22/netbeans.app/Contents/Resources/netbeans/java2/modules/ext/hibernate/hibernate-entitymanager.jar:/Users/hub/GlassFishESBv22/netbeans.app/Contents/Resources/netbeans/java2/modules/ext/hibernate/javassist.jar:/Users/hub/GlassFishESBv22/netbeans.app/Contents/Resources/netbeans/java2/modules/ext/hibernate/ejb3-persistence.jar" />
    <property name="libs.jaxws21.src" value="" />
    <property name="libs.swing-app-framework.classpath" value="/Users/hub/GlassFishESBv22/netbeans.app/Contents/Resources/netbeans/java2/modules/ext/appframework-1.0.3.jar:/Users/hub/GlassFishESBv22/netbeans.app/Contents/Resources/netbeans/java2/modules/ext/swing-worker-1.1.jar" />
    <property name="netbeans.autoupdate.language" value="en" />
    <property name="libs.jakarta_slide_ant_webdav.classpath" value="/Users/hub/GlassFishESBv22/netbeans.app/Contents/Resources/netbeans/mobility8/modules/ext/commons-httpclient-3.0.1.jar:/Users/hub/GlassFishESBv22/netbeans.app/Contents/Resources/netbeans/ide11/modules/ext/commons-logging-1.1.jar:/Users/hub/GlassFishESBv22/netbeans.app/Contents/Resources/netbeans/java2/modules/ext/jdom-1.0.jar:/Users/hub/GlassFishESBv22/netbeans.app/Contents/Resources/netbeans/mobility8/modules/ext/jakarta-slide-webdavlib-2.1.jar:/Users/hub/GlassFishESBv22/netbeans.app/Contents/Resources/netbeans/mobility8/modules/ext/jakarta-slide-ant-webdav-2.1.jar" />
    <property name="org.netbeans.core.startup.specialResource" value="nullcom.sun.jdo.api.persistence.mapping.ejb" />
    <property name="libs.Encoder-Framework.javadoc" value="" />
    <property name="java.vendor" value="Apple Inc." />
    <property name="libs.JMUnit4CLDC10.src" value="" />
    <property name="javac.debug" value="true" />
    <property name="javadoc.splitindex" value="true" />
    <property name="file.separator" value="/" />
    <property name="libs.IdentityAntTasks.src" value="" />
    <property name="ant.file.HelloWorldClient-impl" value="/Users/hub/NetBeansProjects/HelloWorldClient/nbproject/build-impl.xml" />
    <property name="libs.ActiveSync.classpath" value="/Users/hub/GlassFishESBv22/netbeans.app/Contents/Resources/netbeans/mobility8/modules/ext/nbactivesync-5.0.jar" />
    <property name="libs.junit_4.maven-pom" value="" />
    <property name="netbeans.buildnumber" value="200912141238" />
    <property name="libs.JWSAntTasks.javadoc" value="" />
    <property name="build.generated.sources.dir" value="build/generated-sources" />
    <property name="sun.java.launcher" value="SUN_STANDARD" />
    <property name="libs.junit.classpath" value="/Users/hub/GlassFishESBv22/netbeans.app/Contents/Resources/netbeans/java2/modules/ext/junit-3.8.2.jar" />
    <property name="libs.jaxb.javadoc" value="" />
    <property name="libs.struts.classpath" value="/Users/hub/GlassFishESBv22/netbeans.app/Contents/Resources/netbeans/enterprise5/modules/ext/struts/antlr-2.7.2.jar:/Users/hub/GlassFishESBv22/netbeans.app/Contents/Resources/netbeans/enterprise5/modules/ext/struts/bsf-2.3.0.jar:/Users/hub/GlassFishESBv22/netbeans.app/Contents/Resources/netbeans/enterprise5/modules/ext/struts/commons-beanutils-1.7.0.jar:/Users/hub/GlassFishESBv22/netbeans.app/Contents/Resources/netbeans/enterprise5/modules/ext/struts/commons-chain-1.1.jar:/Users/hub/GlassFishESBv22/netbeans.app/Contents/Resources/netbeans/enterprise5/modules/ext/struts/commons-digester-1.8.jar:/Users/hub/GlassFishESBv22/netbeans.app/Contents/Resources/netbeans/enterprise5/modules/ext/struts/commons-fileupload-1.1.1.jar:/Users/hub/GlassFishESBv22/netbeans.app/Contents/Resources/netbeans/enterprise5/modules/ext/struts/commons-io-1.1.jar:/Users/hub/GlassFishESBv22/netbeans.app/Contents/Resources/netbeans/enterprise5/modules/ext/struts/commons-logging-1.0.4.jar:/Users/hub/GlassFishESBv22/netbeans.app/Contents/Resources/netbeans/enterprise5/modules/ext/struts/commons-validator-1.3.1.jar:/Users/hub/GlassFishESBv22/netbeans.app/Contents/Resources/netbeans/enterprise5/modules/ext/struts/jstl-1.0.2.jar:/Users/hub/GlassFishESBv22/netbeans.app/Contents/Resources/netbeans/enterprise5/modules/ext/struts/oro-2.0.8.jar:/Users/hub/GlassFishESBv22/netbeans.app/Contents/Resources/netbeans/enterprise5/modules/ext/struts/standard-1.0.2.jar:/Users/hub/GlassFishESBv22/netbeans.app/Contents/Resources/netbeans/enterprise5/modules/ext/struts/struts-core-1.3.8.jar:/Users/hub/GlassFishESBv22/netbeans.app/Contents/Resources/netbeans/enterprise5/modules/ext/struts/struts-el-1.3.8.jar:/Users/hub/GlassFishESBv22/netbeans.app/Contents/Resources/netbeans/enterprise5/modules/ext/struts/struts-extras-1.3.8.jar:/Users/hub/GlassFishESBv22/netbeans.app/Contents/Resources/netbeans/enterprise5/modules/ext/struts/struts-faces-1.3.8.jar:/Users/hub/GlassFishESBv22/netbeans.app/Contents/Resources/netbeans/enterprise5/modules/ext/struts/struts-mailreader-dao-1.3.8.jar:/Users/hub/GlassFishESBv22/netbeans.app/Contents/Resources/netbeans/enterprise5/modules/ext/struts/struts-scripting-1.3.8.jar:/Users/hub/GlassFishESBv22/netbeans.app/Contents/Resources/netbeans/enterprise5/modules/ext/struts/struts-taglib-1.3.8.jar:/Users/hub/GlassFishESBv22/netbeans.app/Contents/Resources/netbeans/enterprise5/modules/ext/struts/struts-tiles-1.3.8.jar" />
    <property name="javac.includes.binary" value="" />
    <property name="ant.home" value="/Users/hub/GlassFishESBv22/netbeans.app/Contents/Resources/netbeans/java2/ant" />
    <property name="libs.junit_4.src" value="/Users/hub/GlassFishESBv22/netbeans.app/Contents/Resources/netbeans/java2/docs/junit-4.5-src.jar" />
    <property name="libs.ricoh-ant-utils.maven-pom" value="" />
    <property name="libs.absolutelayout.maven-pom" value="" />
    <property name="ant.java.version" value="1.6" />
    <property name="java.library.path" value=".:/Library/Java/Extensions:/System/Library/Java/Extensions:/usr/lib/java" />
    <property name="javadoc.author" value="false" />
    <property name="libs.metro.maven-pom" value="" />
    <property name="libs.IdentityAntTasks.classpath" value="/Users/hub/GlassFishESBv22/netbeans.app/Contents/Resources/netbeans/identity2/ant/nblib/org-netbeans-modules-identity-ant.jar:/Users/hub/GlassFishESBv22/netbeans.app/Contents/Resources/netbeans/identity2/modules/org-netbeans-modules-identity-profile-api.jar" />
    <property name="java.util.logging.config.class" value="org.netbeans.core.startup.TopLogging" />
    <property name="libs.PostgreSQLDriver.src" value="" />
    <property name="sun.arch.data.model" value="64" />
    <property name="basedir" value="/Users/hub/NetBeansProjects/HelloWorldClient" />
    <property name="libs.ActiveSync.src" value="" />
    <property name="jar.compress" value="false" />
    <property name="libs.NetBeans MIDP Components PDA.src" value="/Users/hub/GlassFishESBv22/netbeans.app/Contents/Resources/netbeans/mobility8/sources/netbeans_midp_components_pda-src.zip" />
    <property name="libs.jstl11.classpath" value="/Users/hub/GlassFishESBv22/netbeans.app/Contents/Resources/netbeans/enterprise5/modules/ext/standard.jar:/Users/hub/GlassFishESBv22/netbeans.app/Contents/Resources/netbeans/enterprise5/modules/ext/jstl.jar" />
    <property name="path.separator" value=":" />
    <property name="com.sun.aas.installRoot" value="/Users/hub/GlassFishESBv22/glassfish" />
    <property name="sun.io.unicode.encoding" value="UnicodeLittle" />
    <property name="libs.semc-ant-utils.javadoc" value="" />
    <property name="libs.jaxws21.classpath" value="/Users/hub/GlassFishESBv22/netbeans.app/Contents/Resources/netbeans/ide11/modules/ext/jaxb/activation.jar:/Users/hub/GlassFishESBv22/netbeans.app/Contents/Resources/netbeans/ide11/modules/ext/jaxb/api/jaxb-api.jar:/Users/hub/GlassFishESBv22/netbeans.app/Contents/Resources/netbeans/ide11/modules/ext/jaxb/jaxb-impl.jar:/Users/hub/GlassFishESBv22/netbeans.app/Contents/Resources/netbeans/ide11/modules/ext/jaxb/jaxb-xjc.jar:/Users/hub/GlassFishESBv22/netbeans.app/Contents/Resources/netbeans/ide11/modules/ext/jaxb/api/jsr173_api.jar:/Users/hub/GlassFishESBv22/netbeans.app/Contents/Resources/netbeans/java2/modules/ext/jaxws21/FastInfoset.jar:/Users/hub/GlassFishESBv22/netbeans.app/Contents/Resources/netbeans/java2/modules/ext/jaxws21/http.jar:/Users/hub/GlassFishESBv22/netbeans.app/Contents/Resources/netbeans/java2/modules/ext/jaxws21/api/jaxws-api.jar:/Users/hub/GlassFishESBv22/netbeans.app/Contents/Resources/netbeans/java2/modules/ext/jaxws21/jaxws-rt.jar:/Users/hub/GlassFishESBv22/netbeans.app/Contents/Resources/netbeans/java2/modules/ext/jaxws21/jaxws-tools.jar:/Users/hub/GlassFishESBv22/netbeans.app/Contents/Resources/netbeans/java2/modules/ext/jaxws21/api/jsr181-api.jar:/Users/hub/GlassFishESBv22/netbeans.app/Contents/Resources/netbeans/java2/modules/ext/jaxws21/api/jsr250-api.jar:/Users/hub/GlassFishESBv22/netbeans.app/Contents/Resources/netbeans/java2/modules/ext/jaxws21/mimepull.jar:/Users/hub/GlassFishESBv22/netbeans.app/Contents/Resources/netbeans/java2/modules/ext/jaxws21/api/saaj-api.jar:/Users/hub/GlassFishESBv22/netbeans.app/Contents/Resources/netbeans/java2/modules/ext/jaxws21/saaj-impl.jar:/Users/hub/GlassFishESBv22/netbeans.app/Contents/Resources/netbeans/java2/modules/ext/jaxws21/sjsxp.jar:/Users/hub/GlassFishESBv22/netbeans.app/Contents/Resources/netbeans/java2/modules/ext/jaxws21/stax-ex.jar:/Users/hub/GlassFishESBv22/netbeans.app/Contents/Resources/netbeans/java2/modules/ext/jaxws21/streambuffer.jar" />
    <property name="libs.struts.src" value="" />
    <property name="apple.awt.graphics.UseQuartz" value="false" />
    <property name="user.language" value="en" />
    <property name="libs.Encoder-Framework.src" value="" />
    <property name="libs.spring-framework.classpath" value="/Users/hub/GlassFishESBv22/netbeans.app/Contents/Resources/netbeans/ide11/modules/ext/commons-logging-1.1.jar:/Users/hub/GlassFishESBv22/netbeans.app/Contents/Resources/netbeans/java2/modules/ext/cglib-2.2.jar:/Users/hub/GlassFishESBv22/netbeans.app/Contents/Resources/netbeans/java2/modules/ext/spring/spring-2.5.jar" />
    <property name="manifest.available" value="true" />
    <property name="run.test.classpath" value=":build/classes:/Users/hub/GlassFishESBv22/netbeans.app/Contents/Resources/netbeans/platform10/modules/ext/junit-4.5.jar:build/test/classes" />
    <property name="useJavaUtilZip" value="true" />
    <property name="libs.Encoder-Framework.classpath" value="/Users/hub/GlassFishESBv22/netbeans.app/Contents/Resources/netbeans/soa2/modules/ext/encoder/encoderframework.jar:/Users/hub/GlassFishESBv22/netbeans.app/Contents/Resources/netbeans/soa2/modules/ext/encoder/encoderfrmwk-xsdextension.jar:/Users/hub/GlassFishESBv22/netbeans.app/Contents/Resources/netbeans/soa2/modules/ext/xmlbeans-2.1.0/xbean.jar" />
    <property name="libs.swing-layout.javadoc" value="/Users/hub/GlassFishESBv22/netbeans.app/Contents/Resources/netbeans/platform10/docs/swing-layout-1.0.3-doc.zip" />
    <property name="libs.swing-app-framework.javadoc" value="/Users/hub/GlassFishESBv22/netbeans.app/Contents/Resources/netbeans/java2/docs/appframework-1.0.3-doc.zip" />
    <property name="libs.ejb3-persistence.maven-pom" value="" />
    <property name="libs.proguard.classpath" value="/Users/hub/GlassFishESBv22/netbeans.app/Contents/Resources/netbeans/mobility8/external/proguard/proguard4.2.jar" />
    <property name="gopherProxySet" value="false" />
    <property name="libs.DataBindingME-SVG.classpath" value="/Users/hub/GlassFishESBv22/netbeans.app/Contents/Resources/netbeans/mobility8/modules/ext/netbeans_databindingme_svg.jar" />
    <property name="https.nonProxyHosts" value="local|*.local|169.254/16|*.169.254/16|localhost|127.0.0.1|Huberts-MacBook-Air.local" />
    <property name="libs.PostgreSQLDriver.maven-pom" value="" />
    <property name="java.class.version" value="50.0" />
    <property name="libs.cdc-ant-utils.classpath" value="/Users/hub/GlassFishESBv22/netbeans.app/Contents/Resources/netbeans/mobility8/modules/ext/org-netbeans-modules-j2me-cdc-project.jar" />
    <property name="netbeans.system_http_proxy" value="DIRECT" />
    <property name="libs.NetBeans MIDP Components WMA.maven-pom" value="" />
    <property name="user.properties.file" value="/Users/hub/GlassFishESBv22/netbeans.app/Contents/Resources/.netbeans/glassfishesb/build.properties" />
    <property name="libs.spring-framework.src" value="" />
    <property name="libs.javac-api.maven-pom" value="" />
    <property name="file.encoding.pkg" value="sun.io" />
    <property name="sun.cpu.endian" value="little" />
    <property name="libs.JWSAntTasks.classpath" value="/Users/hub/GlassFishESBv22/netbeans.app/Contents/Resources/netbeans/java2/ant/extra/org-netbeans-modules-javawebstart-anttasks.jar" />
    <property name="libs.PojoSELib.src" value="/Users/hub/GlassFishESBv22/netbeans.app/Contents/Resources/netbeans/soa2/modules/ext/jbi/sun-pojo-engine-api-src.jar" />
    <property name="libs.ant-contrib.classpath" value="/Users/hub/GlassFishESBv22/netbeans.app/Contents/Resources/netbeans/mobility8/modules/ext/ant-contrib-1.0b3.jar" />
    <property name="empty.dir" value="/Users/hub/NetBeansProjects/HelloWorldClient/build/empty" />
    <property name="version-output" value="java version &quot;1.6" />
    <property name="javadoc.preview" value="true" />
    <property name="socksNonProxyHosts" value="local|*.local|169.254/16|*.169.254/16" />
    <property name="nbplatform.default.harness.dir" value="/Users/hub/GlassFishESBv22/netbeans.app/Contents/Resources/netbeans/harness" />
    <property name="java.home" value="/System/Library/Java/JavaVirtualMachines/1.6.0.jdk/Contents/Home" />
    <property name="libs.ricoh-ant-utils.src" value="" />
    <property name="libs.spring-webmvc.src" value="" />
    <property name="libs.ant-contrib.javadoc" value="" />
    <property name="debug.test.classpath" value=":build/classes:/Users/hub/GlassFishESBv22/netbeans.app/Contents/Resources/netbeans/platform10/modules/ext/junit-4.5.jar:build/test/classes" />
    <property name="netbeans.importclass" value="org.netbeans.upgrade.AutoUpgrade" />
    <property name="org.openide.TopManager" value="org.netbeans.core.NonGui" />
    <property name="libs.savaje-ant-utils.classpath" value="/Users/hub/GlassFishESBv22/netbeans.app/Contents/Resources/netbeans/mobility8/modules/ext/org-netbeans-modules-j2me-cdc-project-savaje.jar" />
    <property name="libs.toplink.maven-pom" value="" />
    <property name="libs.DataBindingME.maven-pom" value="" />
    <property name="libs.PostgreSQLDriver.javadoc" value="" />
    <property name="libs.restlib.classpath" value="/Users/hub/GlassFishESBv22/netbeans.app/Contents/Resources/netbeans/enterprise5/modules/ext/rest/jersey.jar:/Users/hub/GlassFishESBv22/netbeans.app/Contents/Resources/netbeans/enterprise5/modules/ext/rest/http.jar:/Users/hub/GlassFishESBv22/netbeans.app/Contents/Resources/netbeans/enterprise5/modules/ext/rest/wadl2java.jar:/Users/hub/GlassFishESBv22/netbeans.app/Contents/Resources/netbeans/enterprise5/modules/ext/rest/rome-0.9.jar:/Users/hub/GlassFishESBv22/netbeans.app/Contents/Resources/netbeans/enterprise5/modules/ext/rest/jdom-1.0.jar:/Users/hub/GlassFishESBv22/netbeans.app/Contents/Resources/netbeans/enterprise5/modules/ext/rest/jettison-1.0-RC1.jar:/Users/hub/GlassFishESBv22/netbeans.app/Contents/Resources/netbeans/enterprise5/modules/ext/rest/asm-3.1.jar:/Users/hub/GlassFishESBv22/netbeans.app/Contents/Resources/netbeans/enterprise5/modules/ext/rest/grizzly-servlet-webserver-1.7.3.2.jar:/Users/hub/GlassFishESBv22/netbeans.app/Contents/Resources/netbeans/enterprise5/modules/ext/rest/jersey-spring.jar:/Users/hub/GlassFishESBv22/netbeans.app/Contents/Resources/netbeans/ide11/modules/ext/jaxb/activation.jar:/Users/hub/GlassFishESBv22/netbeans.app/Contents/Resources/netbeans/ide11/modules/ext/jaxb/api/jaxb-api.jar:/Users/hub/GlassFishESBv22/netbeans.app/Contents/Resources/netbeans/ide11/modules/ext/jaxb/jaxb-impl.jar:/Users/hub/GlassFishESBv22/netbeans.app/Contents/Resources/netbeans/ide11/modules/ext/jaxb/jaxb-xjc.jar:/Users/hub/GlassFishESBv22/netbeans.app/Contents/Resources/netbeans/ide11/modules/ext/jaxb/api/jsr173_api.jar" />
    <property name="libs.JMUnit4CLDC11.javadoc" value="/Users/hub/GlassFishESBv22/netbeans.app/Contents/Resources/netbeans/mobility8/modules/docs/jmunit-1.2.1-api.zip" />
    <property name="libs.nsicom-ant-utils.maven-pom" value="" />
    <property name="libs.MySQLDriver.maven-pom" value="" />
    <property name="libs.savaje-ant-utils.src" value="" />
    <property name="http.nonProxyHosts" value="local|*.local|169.254/16|*.169.254/16" />
    <property name="libs.junit_4.javadoc" value="/Users/hub/GlassFishESBv22/netbeans.app/Contents/Resources/netbeans/java2/docs/junit-4.5-api.zip" />
    <property name="libs.spring-webmvc.javadoc" value="" />
    <property name="libs.toplink.src" value="" />
    <property name="libs.cdc-pp-awt-layout.classpath" value="/Users/hub/GlassFishESBv22/netbeans.app/Contents/Resources/netbeans/mobility8/modules/ext/cdc-pp-awt-layout.jar" />
    <property name="libs.cdc-agui-swing-layout.src" value="/Users/hub/GlassFishESBv22/netbeans.app/Contents/Resources/netbeans/mobility8/sources/cdc-agui-swing-layout-src.zip" />
    <property name="run.classpath" value=":build/classes" />
    <property name="libs.hibernate-support.src" value="" />
    <property name="libs.JMUnit4CLDC11.classpath" value="/Users/hub/GlassFishESBv22/netbeans.app/Contents/Resources/netbeans/mobility8/modules/ext/jmunit4cldc11-1.2.1.jar" />
    <property name="sun.awt.datatransfer.timeout" value="1000" />
    <property name="apple.awt.graphics.UseOpenGL" value="false" />
    <property name="libs.nb_svg_midp_components.classpath" value="/Users/hub/GlassFishESBv22/netbeans.app/Contents/Resources/netbeans/mobility8/modules/ext/nb_svg_midp_components.jar" />
    <property name="libs.PojoSELib.classpath" value="/Users/hub/GlassFishESBv22/netbeans.app/Contents/Resources/netbeans/soa2/modules/ext/jbi/sun-pojo-engine-api.jar:/Users/hub/GlassFishESBv22/netbeans.app/Contents/Resources/netbeans/soa2/modules/ext/jbi/jbi.jar" />
    <property name="libs.NetBeans MIDP Components PDA.classpath" value="/Users/hub/GlassFishESBv22/netbeans.app/Contents/Resources/netbeans/mobility8/modules/ext/netbeans_midp_components_pda.jar" />
    <property name="libs.semc-ant-utils.maven-pom" value="" />
    <property name="libs.restapi.src" value="" />
    <property name="libs.NetBeans MIDP Components.javadoc" value="/Users/hub/GlassFishESBv22/netbeans.app/Contents/Resources/netbeans/mobility8/modules/docs/netbeans_midp_components_basic-api.zip" />
    <property name="sun.management.compiler" value="HotSpot 64-Bit Tiered Compilers" />
    <property name="javac.deprecation" value="false" />
    <property name="javadoc.use" value="true" />
    <property name="sun.java2d.noddraw" value="true" />
    <property name="libs.spring-webmvc.classpath" value="/Users/hub/GlassFishESBv22/netbeans.app/Contents/Resources/netbeans/enterprise5/modules/ext/spring/spring-webmvc-2.5.jar" />
    <property name="javac.compilerargs" value="" />
    <property name="ant.file" value="/Users/hub/NetBeansProjects/HelloWorldClient/build.xml" />
    <property name="libs.beans-binding.maven-pom" value="" />
    <property name="libs.jsf12.classpath" value="/Users/hub/GlassFishESBv22/netbeans.app/Contents/Resources/netbeans/enterprise5/modules/ext/jsf-1_2/commons-beanutils.jar:/Users/hub/GlassFishESBv22/netbeans.app/Contents/Resources/netbeans/enterprise5/modules/ext/jsf-1_2/commons-collections.jar:/Users/hub/GlassFishESBv22/netbeans.app/Contents/Resources/netbeans/enterprise5/modules/ext/jsf-1_2/commons-digester.jar:/Users/hub/GlassFishESBv22/netbeans.app/Contents/Resources/netbeans/enterprise5/modules/ext/jsf-1_2/commons-logging.jar:/Users/hub/GlassFishESBv22/netbeans.app/Contents/Resources/netbeans/enterprise5/modules/ext/jsf-1_2/jsf-api.jar:/Users/hub/GlassFishESBv22/netbeans.app/Contents/Resources/netbeans/enterprise5/modules/ext/jsf-1_2/jsf-impl.jar" />
    <property name="sun.awt.exception.handler" value="org.netbeans.core.startup.TopLogging$AWTHandler" />
    <property name="libs.restapi.maven-pom" value="" />
    <property name="libs.beans-binding.src" value="" />
    <property name="libs.NetBeans MIDP Components PDA.javadoc" value="/Users/hub/GlassFishESBv22/netbeans.app/Contents/Resources/netbeans/mobility8/modules/docs/netbeans_midp_components_pda-api.zip" />
    <property name="java.vm.specification.vendor" value="Sun Microsystems Inc." />
    <property name="libs.DataBindingME-PIM.javadoc" value="/Users/hub/GlassFishESBv22/netbeans.app/Contents/Resources/netbeans/mobility8/modules/docs/netbeans_databindingme_pim-api.zip" />
    <property name="libs.swing-layout.src" value="/Users/hub/GlassFishESBv22/netbeans.app/Contents/Resources/netbeans/platform10/docs/swing-layout-1.0.3-src.zip" />
    <property name="libs.j2me_ant_ext.src" value="" />
    <property name="org.openide.major.version" value="IDE/1" />
    <property name="java.vm.name" value="Java HotSpot(TM) 64-Bit Server VM" />
    <property name="libs.Encoder-Custom.maven-pom" value="" />
    <property name="netbeans.user" value="/Users/hub/GlassFishESBv22/netbeans.app/Contents/Resources/.netbeans/glassfishesb" />
    <property name="javadoc.additionalparam" value="" />
    <property name="libs.ricoh-ant-utils.classpath" value="/Users/hub/GlassFishESBv22/netbeans.app/Contents/Resources/netbeans/mobility8/modules/ext/org-netbeans-modules-j2me-cdc-project-ricoh.jar:/Users/hub/GlassFishESBv22/netbeans.app/Contents/Resources/netbeans/mobility8/modules/ext/RicohAntTasks-2.0.jar:/Users/hub/GlassFishESBv22/netbeans.app/Contents/Resources/netbeans/mobility8/modules/ext/commons-httpclient-3.0.jar:/Users/hub/GlassFishESBv22/netbeans.app/Contents/Resources/netbeans/ide11/modules/ext/commons-logging-1.1.jar:/Users/hub/GlassFishESBv22/netbeans.app/Contents/Resources/netbeans/mobility8/modules/ext/commons-codec-1.3.jar" />
    <property name="java.io.tmpdir" value="/var/folders/l2/mjjdy8mx41ggjd11g8ctvpsm0000gn/T/" />
    <property name="java.vendor.url" value="http://www.apple.com/" />
    <property name="jspc.classpath" value="/Users/hub/GlassFishESBv22/netbeans.app/Contents/Resources/netbeans/java2/ant/lib/ant.jar:/Users/hub/GlassFishESBv22/netbeans.app/Contents/Resources/netbeans/enterprise5/modules/ext/servlet2.5-jsp2.1-api.jar:${j2ee.platform.classpath}:/Users/hub/GlassFishESBv22/netbeans.app/Contents/Resources/netbeans/enterprise5/modules/ext/glassfish-jspparser-2.0.jar:/Users/hub/GlassFishESBv22/netbeans.app/Contents/Resources/netbeans/enterprise5/modules/ext/glassfish-logging-2.0.jar:/Users/hub/GlassFishESBv22/netbeans.app/Contents/Resources/netbeans/ide11/modules/ext/commons-logging-1.1.jar:/Users/hub/GlassFishESBv22/netbeans.app/Contents/Resources/netbeans/java2/ant/lib/ant-launcher.jar" />
    <property name="mrj.build" value="11M3811" />
    <property name="sun.boot.library.path" value="/System/Library/Java/JavaVirtualMachines/1.6.0.jdk/Contents/Libraries" />
    <property name="have.sources" value="true" />
    <property name="debug.classpath" value=":build/classes" />
    <property name="javadoc.private" value="false" />
    <property name="test.src.dir" value="test" />
    <property name="meta.inf.dir" value="src/META-INF" />
    <property name="javadoc.encoding.used" value="UTF-8" />
    <property name="libs.DataBindingME-SVG.src" value="" />
    <property name="dist.jar" value="dist/HelloWorldClient.jar" />
    <property name="java.runtime.name" value="Java(TM) SE Runtime Environment" />
    <property name="ant.project.name" value="HelloWorldClient" />
    <property name="libs.PojoSELib.javadoc" value="/Users/hub/GlassFishESBv22/netbeans.app/Contents/Resources/netbeans/soa2/modules/ext/jbi/sun-pojo-engine-api-javadoc.jar" />
    <property name="netbeans.hash.code" value="unique=NB_GLASSFISH_SOA0d8d531dd-94f9-4cdd-8962-54054dd8d5cf_4a8b87ab-fe8e-4529-a745-9e293d56ca34" />
    <property name="libs.j2me_ant_ext.maven-pom" value="" />
    <property name="sun.cpu.isalist" value="" />
    <property name="libs.CopyLibs.javadoc" value="" />
    <property name="libs.ActiveSync.javadoc" value="" />
    <property name="org.openide.specification.version" value="6.2" />
    <property name="libs.DataBindingME-PIM.classpath" value="/Users/hub/GlassFishESBv22/netbeans.app/Contents/Resources/netbeans/mobility8/modules/ext/netbeans_databindingme_pim.jar" />
    <property name="libs.hibernate-support.classpath" value="/Users/hub/GlassFishESBv22/netbeans.app/Contents/Resources/netbeans/java2/modules/ext/hibernate/antlr-2.7.6.jar:/Users/hub/GlassFishESBv22/netbeans.app/Contents/Resources/netbeans/java2/modules/ext/hibernate/asm.jar:/Users/hub/GlassFishESBv22/netbeans.app/Contents/Resources/netbeans/java2/modules/ext/hibernate/asm-attrs.jar:/Users/hub/GlassFishESBv22/netbeans.app/Contents/Resources/netbeans/java2/modules/ext/hibernate/cglib-2.1.3.jar:/Users/hub/GlassFishESBv22/netbeans.app/Contents/Resources/netbeans/java2/modules/ext/hibernate/commons-collections-2.1.1.jar:/Users/hub/GlassFishESBv22/netbeans.app/Contents/Resources/netbeans/ide11/modules/ext/commons-logging-1.1.jar:/Users/hub/GlassFishESBv22/netbeans.app/Contents/Resources/netbeans/java2/modules/ext/hibernate/dom4j-1.6.1.jar:/Users/hub/GlassFishESBv22/netbeans.app/Contents/Resources/netbeans/java2/modules/ext/hibernate/ehcache-1.2.3.jar:/Users/hub/GlassFishESBv22/netbeans.app/Contents/Resources/netbeans/java2/modules/ext/hibernate/jdbc2_0-stdext.jar:/Users/hub/GlassFishESBv22/netbeans.app/Contents/Resources/netbeans/java2/modules/ext/hibernate/jta.jar:/Users/hub/GlassFishESBv22/netbeans.app/Contents/Resources/netbeans/java2/modules/ext/hibernate/hibernate3.jar:/Users/hub/GlassFishESBv22/netbeans.app/Contents/Resources/netbeans/java2/modules/ext/hibernate/hibernate-tools.jar:/Users/hub/GlassFishESBv22/netbeans.app/Contents/Resources/netbeans/java2/modules/ext/hibernate/hibernate-annotations.jar:/Users/hub/GlassFishESBv22/netbeans.app/Contents/Resources/netbeans/java2/modules/ext/hibernate/hibernate-commons-annotations.jar:/Users/hub/GlassFishESBv22/netbeans.app/Contents/Resources/netbeans/java2/modules/ext/hibernate/hibernate-entitymanager.jar:/Users/hub/GlassFishESBv22/netbeans.app/Contents/Resources/netbeans/java2/modules/ext/hibernate/javassist.jar" />
    <property name="user.home" value="/Users/hub" />
    <property name="debug-args-line" value="-Xdebug" />
    <property name="libs.NetBeans MIDP Components.classpath" value="/Users/hub/GlassFishESBv22/netbeans.app/Contents/Resources/netbeans/mobility8/modules/ext/netbeans_midp_components_basic.jar" />
    <property name="libs.JWSAntTasks.src" value="" />
    <property name="libs.CopyLibs.maven-pom" value="" />
    <property name="libs.hibernate-persistence.maven-pom" value="" />
    <property name="libs.absolutelayout.javadoc" value="" />
    <property name="java.specification.name" value="Java Platform API Specification" />
    <property name="libs.swing-app-framework.maven-pom" value="" />
    <property name="libs.jakarta_slide_ant_webdav.maven-pom" value="" />
    <property name="libs.NetBeans MIDP Components WMA.classpath" value="/Users/hub/GlassFishESBv22/netbeans.app/Contents/Resources/netbeans/mobility8/modules/ext/netbeans_midp_components_wma.jar" />
    <property name="ide.module.install.dir" value="/Users/hub/GlassFishESBv22/netbeans.app/Contents/Resources/netbeans/ide11/modules" />
    <property name="libs.sjmc-ant-utils.src" value="" />
    <property name="libs.cdc-agui-swing-layout.javadoc" value="" />
    <property name="java.specification.vendor" value="Sun Microsystems Inc." />
    <property name="libs.javac-api.classpath" value="/Users/hub/GlassFishESBv22/netbeans.app/Contents/Resources/netbeans/java2/modules/ext/javac-api-nb-7.0-b07.jar" />
    <property name="libs.nokiaS80-ant-utils.classpath" value="/Users/hub/GlassFishESBv22/netbeans.app/Contents/Resources/netbeans/mobility8/modules/ext/org-netbeans-modules-j2me-cdc-project-nokiaS80.jar" />
    <property name="java.version" value="1.6.0_35" />
    <property name="libs.NetBeans MIDP Components WMA.javadoc" value="/Users/hub/GlassFishESBv22/netbeans.app/Contents/Resources/netbeans/mobility8/modules/docs/netbeans_midp_components_wma-api.zip" />
    <property name="javadoc.version" value="false" />
    <property name="libs.MySQLDriver.javadoc" value="" />
    <property name="org.openide.version" value="deprecated" />
    <property name="libs.ActiveSync.maven-pom" value="" />
    <property name="source.encoding" value="UTF-8" />
    <property name="awt.nativeDoubleBuffering" value="true" />
    <property name="libs.junit.maven-pom" value="" />
    <property name="libs.metro.javadoc" value="/Users/hub/GlassFishESBv22/netbeans.app/Contents/Resources/netbeans/enterprise5/docs/metro-1.4-doc.zip" />
    <property name="libs.struts.maven-pom" value="" />
    <property name="netbeans.home+have.tests" value="true" />
    <property name="libs.IdentityAntTasks.maven-pom" value="" />
    <property name="libs.jaxb.src" value="" />
    <property name="work.dir" value="/Users/hub/NetBeansProjects/HelloWorldClient" />
    <property name="libs.cdc-ant-utils.src" value="" />
    <property name="libs.jaxb.classpath" value="/Users/hub/GlassFishESBv22/netbeans.app/Contents/Resources/netbeans/ide11/modules/ext/jaxb/activation.jar:/Users/hub/GlassFishESBv22/netbeans.app/Contents/Resources/netbeans/ide11/modules/ext/jaxb/api/jaxb-api.jar:/Users/hub/GlassFishESBv22/netbeans.app/Contents/Resources/netbeans/ide11/modules/ext/jaxb/jaxb-impl.jar:/Users/hub/GlassFishESBv22/netbeans.app/Contents/Resources/netbeans/ide11/modules/ext/jaxb/jaxb-xjc.jar:/Users/hub/GlassFishESBv22/netbeans.app/Contents/Resources/netbeans/ide11/modules/ext/jaxb/api/jsr173_api.jar" />
    <property name="do.depend" value="false" />
    <property name="dist.javadoc.dir" value="dist/javadoc" />
    <property name="libs.swing-layout.classpath" value="/Users/hub/GlassFishESBv22/netbeans.app/Contents/Resources/netbeans/platform10/modules/ext/swing-layout-1.0.3.jar" />
    <property name="libs.restlib.src" value="" />
    <property name="javac.source" value="1.5" />
    <property name="build.generated.dir" value="build/generated" />
    <property name="line.separator" value="
" />
    <property name="libs.proguard.src" value="" />
    <property name="libs.hibernate-persistence.src" value="" />
    <property name="libs.nb_svg_midp_components.javadoc" value="/Users/hub/GlassFishESBv22/netbeans.app/Contents/Resources/netbeans/mobility8/modules/docs/nb_svg_midp_components-api.zip" />
    <property name="java.specification.version" value="1.6" />
    <property name="java.vm.info" value="mixed mode" />
    <property name="libs.jaxws21.maven-pom" value="" />
    <property name="nb.registration.enabled" value="false" />
    <property name="libs.cdc-ant-utils.javadoc" value="" />
    <property name="libs.spring-framework.maven-pom" value="" />
    <property name="sun.boot.class.path" value="/System/Library/Java/JavaVirtualMachines/1.6.0.jdk/Contents/Classes/jsfd.jar:/System/Library/Java/JavaVirtualMachines/1.6.0.jdk/Contents/Classes/classes.jar:/System/Library/Frameworks/JavaVM.framework/Frameworks/JavaRuntimeSupport.framework/Resources/Java/JavaRuntimeSupport.jar:/System/Library/Java/JavaVirtualMachines/1.6.0.jdk/Contents/Classes/ui.jar:/System/Library/Java/JavaVirtualMachines/1.6.0.jdk/Contents/Classes/laf.jar:/System/Library/Java/JavaVirtualMachines/1.6.0.jdk/Contents/Classes/sunrsasign.jar:/System/Library/Java/JavaVirtualMachines/1.6.0.jdk/Contents/Classes/jsse.jar:/System/Library/Java/JavaVirtualMachines/1.6.0.jdk/Contents/Classes/jce.jar:/System/Library/Java/JavaVirtualMachines/1.6.0.jdk/Contents/Classes/charsets.jar" />
    <property name="javac.target" value="1.5" />
    <property name="build.test.classes.dir" value="build/test/classes" />
    <property name="src.dir" value="src" />
    <property name="libs.Encoder-Framework.maven-pom" value="" />
    <property name="libs.IdentityAntTasks.javadoc" value="" />
    <property name="libs.proguard.maven-pom" value="" />
    <property name="libs.DataBindingME-SVG.maven-pom" value="" />
    <property name="libs.jsf12.src" value="" />
    <property name="libs.savaje-ant-utils.javadoc" value="" />
    <property name="nbplatform.default.netbeans.dest.dir" value="/Users/hub/GlassFishESBv22/netbeans.app/Contents/Resources/netbeans" />
    <property name="libs.struts.javadoc" value="/Users/hub/GlassFishESBv22/netbeans.app/Contents/Resources/netbeans/enterprise5/docs/struts-1.3.8-javadoc.zip" />
    <property name="libs.cdc-ant-utils.maven-pom" value="" />
    <property name="jspctask.classpath" value="/Users/hub/GlassFishESBv22/netbeans.app/Contents/Resources/netbeans/enterprise5/ant/extra/jspcompile.jar" />
    <property name="libs.cdc-agui-swing-layout.classpath" value="/Users/hub/GlassFishESBv22/netbeans.app/Contents/Resources/netbeans/mobility8/modules/ext/cdc-agui-swing-layout.jar" />
    <property name="dist.dir" value="dist" />
    <property name="libs.sjmc-ant-utils.classpath" value="/Users/hub/GlassFishESBv22/netbeans.app/Contents/Resources/netbeans/mobility8/modules/ext/org-netbeans-modules-j2me-cdc-project-sjmc.jar" />
    <property name="libs.JMUnit4CLDC10.classpath" value="/Users/hub/GlassFishESBv22/netbeans.app/Contents/Resources/netbeans/mobility8/modules/ext/jmunit4cldc10-1.2.1.jar" />
    <property name="java.awt.printerjob" value="apple.awt.CPrinterJob" />
    <property name="default.javac.source" value="1.6" />
    <property name="debug-transport-by-os" value="dt_socket" />
    <property name="javac.compilerargs.jaxws" value="-Djava.endorsed.dirs=&apos;/Users/hub/GlassFishESBv22/netbeans.app/Contents/Resources/netbeans/java2/modules/ext/jaxws21/api:/Users/hub/GlassFishESBv22/netbeans.app/Contents/Resources/netbeans/ide11/modules/ext/jaxb/api&apos;" />
    <property name="libs.MySQLDriver.src" value="" />
    <property name="sun.jnu.encoding" value="MacRoman" />
    <property name="libs.ant-contrib.maven-pom" value="" />
    <property name="build.test.results.dir" value="build/test/results" />
    <property name="java.runtime.version" value="1.6.0_35-b10-428-11M3811" />
    <property name="libs.ejb3-persistence.javadoc" value="" />
    <property name="libs.NetBeans MIDP Components.src" value="/Users/hub/GlassFishESBv22/netbeans.app/Contents/Resources/netbeans/mobility8/sources/netbeans_midp_components_basic-src.zip" />
    <property name="libs.sjmc-ant-utils.javadoc" value="" />
    <property name="default.javac.target" value="1.6" />
    <property name="libs.junit_4.classpath" value="/Users/hub/GlassFishESBv22/netbeans.app/Contents/Resources/netbeans/platform10/modules/ext/junit-4.5.jar" />
    <property name="user.timezone" value="" />
    <property name="libs.ant-contrib.src" value="" />
    <property name="netbeans.dirs" value="/Users/hub/GlassFishESBv22/netbeans.app/Contents/Resources/netbeans/nb6.7:/Users/hub/GlassFishESBv22/netbeans.app/Contents/Resources/netbeans/ide11:/Users/hub/GlassFishESBv22/netbeans.app/Contents/Resources/netbeans/java2:/Users/hub/GlassFishESBv22/netbeans.app/Contents/Resources/netbeans/xml2:/Users/hub/GlassFishESBv22/netbeans.app/Contents/Resources/netbeans/apisupport1:/Users/hub/GlassFishESBv22/netbeans.app/Contents/Resources/netbeans/webcommon1:/Users/hub/GlassFishESBv22/netbeans.app/Contents/Resources/netbeans/websvccommon1:/Users/hub/GlassFishESBv22/netbeans.app/Contents/Resources/netbeans/enterprise5:/Users/hub/GlassFishESBv22/netbeans.app/Contents/Resources/netbeans/mobility8:/Users/hub/GlassFishESBv22/netbeans.app/Contents/Resources/netbeans/profiler3:/Users/hub/GlassFishESBv22/netbeans.app/Contents/MacOS/../Resources/netbeans/bin/../ruby2:/Users/hub/GlassFishESBv22/netbeans.app/Contents/MacOS/../Resources/netbeans/bin/../python1:/Users/hub/GlassFishESBv22/netbeans.app/Contents/MacOS/../Resources/netbeans/bin/../php1:/Users/hub/GlassFishESBv22/netbeans.app/Contents/MacOS/../Resources/netbeans/bin/../visualweb2:/Users/hub/GlassFishESBv22/netbeans.app/Contents/Resources/netbeans/soa2:/Users/hub/GlassFishESBv22/netbeans.app/Contents/Resources/netbeans/identity2:/Users/hub/GlassFishESBv22/netbeans.app/Contents/MacOS/../Resources/netbeans/bin/../uml6:/Users/hub/GlassFishESBv22/netbeans.app/Contents/Resources/netbeans/harness:/Users/hub/GlassFishESBv22/netbeans.app/Contents/MacOS/../Resources/netbeans/bin/../cnd2:/Users/hub/GlassFishESBv22/netbeans.app/Contents/MacOS/../Resources/netbeans/bin/../dlight1:/Users/hub/GlassFishESBv22/netbeans.app/Contents/MacOS/../Resources/netbeans/bin/../groovy1:/Users/hub/GlassFishESBv22/netbeans.app/Contents/MacOS/../Resources/netbeans/bin/../extra:/Users/hub/GlassFishESBv22/netbeans.app/Contents/MacOS/../Resources/netbeans/bin/../javafx2:/Users/hub/GlassFishESBv22/netbeans.app/Contents/MacOS/../Resources/netbeans/bin/../{ide-cluster}:/Users/hub/GlassFishESBv22/netbeans.app/Contents/MacOS/../Resources/netbeans/bin/../{xml-cluster}:" />
    <property name="java.ext.dirs" value="/Library/Java/Extensions:/System/Library/Java/Extensions:/System/Library/Java/JavaVirtualMachines/1.6.0.jdk/Contents/Home/lib/ext" />
    <property name="libs.metro.src" value="" />
    <property name="libs.savaje-ant-utils.maven-pom" value="" />
    <property name="libs.semc-ant-utils.src" value="" />
    <property name="libs.absolutelayout.classpath" value="/Users/hub/GlassFishESBv22/netbeans.app/Contents/Resources/netbeans/java2/modules/ext/AbsoluteLayout.jar" />
    <property name="excludes" value="" />
    <property name="libs.restlib.maven-pom" value="" />
    <property name="libs.metro.classpath" value="/Users/hub/GlassFishESBv22/netbeans.app/Contents/Resources/netbeans/ide11/modules/ext/jaxb/activation.jar:/Users/hub/GlassFishESBv22/netbeans.app/Contents/Resources/netbeans/enterprise5/modules/ext/metro/webservices-api.jar:/Users/hub/GlassFishESBv22/netbeans.app/Contents/Resources/netbeans/enterprise5/modules/ext/metro/webservices-extra-api.jar:/Users/hub/GlassFishESBv22/netbeans.app/Contents/Resources/netbeans/enterprise5/modules/ext/metro/webservices-extra.jar:/Users/hub/GlassFishESBv22/netbeans.app/Contents/Resources/netbeans/enterprise5/modules/ext/metro/webservices-rt.jar:/Users/hub/GlassFishESBv22/netbeans.app/Contents/Resources/netbeans/enterprise5/modules/ext/metro/webservices-tools.jar" />
    <property name="libs.DataBindingME.javadoc" value="/Users/hub/GlassFishESBv22/netbeans.app/Contents/Resources/netbeans/mobility8/modules/docs/netbeans_databindingme-api.zip" />
    <property name="apple.laf.useScreenMenuBar" value="true" />
    <property name="java.class.path" value="/Users/hub/NetBeansProjects/HelloWorldClient/build/classes:/Users/hub/GlassFishESBv22/netbeans.app/Contents/Resources/netbeans/platform10/modules/ext/junit-4.5.jar:/Users/hub/NetBeansProjects/HelloWorldClient/build/test/classes:/Users/hub/GlassFishESBv22/netbeans.app/Contents/Resources/netbeans/java2/ant/lib/ant-launcher.jar:/Users/hub/GlassFishESBv22/netbeans.app/Contents/Resources/netbeans/java2/ant/lib/ant.jar:/Users/hub/GlassFishESBv22/netbeans.app/Contents/Resources/netbeans/java2/ant/patches/72080.jar" />
    <property name="libs.absolutelayout.src" value="" />
    <property name="ant.file.HelloWorldClient" value="/Users/hub/NetBeansProjects/HelloWorldClient/build.xml" />
    <property name="libs.cdc-pp-awt-layout.maven-pom" value="" />
    <property name="os.version" value="10.8.2" />
    <property name="application.args" value="" />
    <property name="libs.JMUnit4CLDC11.maven-pom" value="" />
    <property name="libs.toplink.javadoc" value="/Users/hub/GlassFishESBv22/netbeans.app/Contents/Resources/netbeans/enterprise5/docs/javaee5-doc-api.zip" />
    <property name="libs.nb_svg_midp_components.maven-pom" value="" />
    <property name="libs.PojoSELib.maven-pom" value="" />
    <property name="compile.on.save.unsupported.jaxws" value="true" />
    <property name="libs.ricoh-ant-utils.javadoc" value="" />
    <property name="libs.NetBeans MIDP Components PDA.maven-pom" value="" />
    <property name="libs.restlib.javadoc" value="/Users/hub/GlassFishESBv22/netbeans.app/Contents/Resources/netbeans/enterprise5/docs/jersey-api-doc.zip" />
    <property name="libs.beans-binding.javadoc" value="/Users/hub/GlassFishESBv22/netbeans.app/Contents/Resources/netbeans/java2/docs/beansbinding-1.2.1-doc.zip" />
    <property name="java.awt.graphicsenv" value="apple.awt.CGraphicsEnvironment" />
    <property name="wsdl-helloWorldPort" value="/Users/hub/NetBeansProjects/HelloWorldClient/xml-resources/web-service-references/helloWorldPort/wsdl/localhost_9080/helloWorldService/helloWorldPort.wsdl" />
    <property name="java.vm.vendor" value="Apple Inc." />
    <property name="libs.CopyLibs.classpath" value="/Users/hub/GlassFishESBv22/netbeans.app/Contents/Resources/netbeans/java2/ant/extra/org-netbeans-modules-java-j2seproject-copylibstask.jar" />
    <property name="libs.spring-webmvc.maven-pom" value="" />
    <property name="jaxws.endorsed.dir" value="/Users/hub/GlassFishESBv22/netbeans.app/Contents/Resources/netbeans/java2/modules/ext/jaxws21/api:/Users/hub/GlassFishESBv22/netbeans.app/Contents/Resources/netbeans/ide11/modules/ext/jaxb/api" />
    <property name="run.jvmargs" value="" />
    <property name="libs.ejb3-persistence.classpath" value="/Users/hub/GlassFishESBv22/netbeans.app/Contents/Resources/netbeans/java2/modules/ext/hibernate/ejb3-persistence.jar" />
    <property name="libs.spring-framework.javadoc" value="" />
    <property name="libs.DataBindingME-PIM.src" value="" />
    <property name="libs.PostgreSQLDriver.classpath" value="/Users/hub/GlassFishESBv22/netbeans.app/Contents/Resources/netbeans/ide11/modules/ext/postgresql-8.3-603.jdbc3.jar" />
    <property name="libs.jsf12.maven-pom" value="" />
    <property name="soa.module.install.dir" value="/Users/hub/GlassFishESBv22/netbeans.app/Contents/Resources/netbeans/soa2/modules" />
    <property name="libs.Encoder-Custom.src" value="" />
    <property name="libs.junit.src" value="" />
    <property name="main.class" value="" />
    <property name="libs.CopyLibs.src" value="" />
    <property name="build.dir" value="build" />
    <property name="ant.version" value="Apache Ant version 1.7.1 compiled on June 27 2008" />
    <property name="file.encoding" value="MacRoman" />
    <property name="build.classes.excludes" value="**/*.java,**/*.form" />
    <property name="javadoc.nonavbar" value="false" />
    <property name="platform.active" value="default_platform" />
    <property name="awt.toolkit" value="apple.awt.CToolkit" />
  </properties>
  <testcase classname="HelloWorldClient" name="testHelloWorld" time="1.007" />
  <system-out><![CDATA[]]></system-out>
  <system-err><![CDATA[]]></system-err>
</testsuite>
